<?xml version="1.0" encoding="UTF-8"?>
<!-- Generated by org.testng.reporters.JUnitXMLReporter -->
<testsuite ignored="0" hostname="Raju" failures="1" tests="2" name="Test" time="48.88" errors="0" timestamp="2025-11-30T11:42:19 IST">
  <testcase classname="testCases.TC001_AccountRegisterTest" name="verify_account_registration" time="10.821"/>
  <testcase classname="testCases.TC002_LoginTest" name="verify_login" time="17.769">
    <failure type="java.lang.AssertionError" message="expected [true] but found [false]">
      <![CDATA[java.lang.AssertionError: expected [true] but found [false]
at testCases.TC002_LoginTest.verify_login(TC002_LoginTest.java:35)
at java.base/java.util.ArrayList.forEach(ArrayList.java:1597)
... Removed 29 stack frames]]>
    </failure>
  </testcase> <!-- verify_login -->
</testsuite> <!-- Test -->
