<?xml version="1.0" encoding="UTF-8"?>
<testng-results ignored="0" total="2" passed="2" failed="0" skipped="0">
  <reporter-output>
  </reporter-output>
  <suite started-at="2025-11-30T17:17:47 IST" name="Master Suite" finished-at="2025-11-30T17:18:26 IST" duration-ms="39221">
    <groups>
      <group name="Master">
        <method signature="TC001_AccountRegisterTest.verify_account_registration()[pri:0, instance:testCases.TC001_AccountRegisterTest@7d3d101b]" name="verify_account_registration" class="testCases.TC001_AccountRegisterTest"/>
        <method signature="TC002_LoginTest.verify_login()[pri:0, instance:testCases.TC002_LoginTest@1f75a668]" name="verify_login" class="testCases.TC002_LoginTest"/>
      </group> <!-- Master -->
      <group name="Sanity">
        <method signature="TC002_LoginTest.verify_login()[pri:0, instance:testCases.TC002_LoginTest@1f75a668]" name="verify_login" class="testCases.TC002_LoginTest"/>
      </group> <!-- Sanity -->
      <group name="Regression">
        <method signature="TC001_AccountRegisterTest.verify_account_registration()[pri:0, instance:testCases.TC001_AccountRegisterTest@7d3d101b]" name="verify_account_registration" class="testCases.TC001_AccountRegisterTest"/>
      </group> <!-- Regression -->
    </groups>
    <test started-at="2025-11-30T17:17:47 IST" name="Test" finished-at="2025-11-30T17:18:26 IST" duration-ms="39221">
      <class name="testCases.TC001_AccountRegisterTest">
        <test-method is-config="true" signature="setup(java.lang.String,java.lang.String)[pri:0, instance:testCases.TC001_AccountRegisterTest@7d3d101b]" started-at="2025-11-30T17:17:47 IST" name="setup" finished-at="2025-11-30T17:18:06 IST" duration-ms="18133" status="PASS">
          <params>
            <param index="0">
              <value>
                <![CDATA[Windows]]>
              </value>
            </param>
            <param index="1">
              <value>
                <![CDATA[chrome]]>
              </value>
            </param>
          </params>
          <reporter-output>
          </reporter-output>
        </test-method> <!-- setup -->
        <test-method signature="verify_account_registration()[pri:0, instance:testCases.TC001_AccountRegisterTest@7d3d101b]" started-at="2025-11-30T17:18:06 IST" name="verify_account_registration" finished-at="2025-11-30T17:18:10 IST" duration-ms="4278" status="PASS">
          <reporter-output>
          </reporter-output>
        </test-method> <!-- verify_account_registration -->
      </class> <!-- testCases.TC001_AccountRegisterTest -->
      <class name="testCases.TC002_LoginTest">
        <test-method is-config="true" signature="setup(java.lang.String,java.lang.String)[pri:0, instance:testCases.TC002_LoginTest@1f75a668]" started-at="2025-11-30T17:18:10 IST" name="setup" finished-at="2025-11-30T17:18:21 IST" duration-ms="10788" status="PASS">
          <params>
            <param index="0">
              <value>
                <![CDATA[Windows]]>
              </value>
            </param>
            <param index="1">
              <value>
                <![CDATA[chrome]]>
              </value>
            </param>
          </params>
          <reporter-output>
          </reporter-output>
        </test-method> <!-- setup -->
        <test-method signature="verify_login()[pri:0, instance:testCases.TC002_LoginTest@1f75a668]" started-at="2025-11-30T17:18:21 IST" name="verify_login" finished-at="2025-11-30T17:18:26 IST" duration-ms="5246" status="PASS">
          <reporter-output>
          </reporter-output>
        </test-method> <!-- verify_login -->
      </class> <!-- testCases.TC002_LoginTest -->
    </test> <!-- Test -->
  </suite> <!-- Master Suite -->
</testng-results>
